0 info it worked if it ends with ok
1 verbose cli [ 'C:\\Program Files\\nodejs\\node.exe',
1 verbose cli   'C:\\Program Files\\nodejs\\node_modules\\npm\\bin\\npm-cli.js',
1 verbose cli   'install',
1 verbose cli   '--save',
1 verbose cli   'pinch-zoom-canvas' ]
2 info using npm@2.15.9
3 info using node@v4.5.0
4 verbose install initial load of D:\proproject-ds\package.json
5 verbose readDependencies loading dependencies from D:\proproject-ds\package.json
6 silly cache add args [ 'pinch-zoom-canvas', null ]
7 verbose cache add spec pinch-zoom-canvas
8 silly cache add parsed spec Result {
8 silly cache add   raw: 'pinch-zoom-canvas',
8 silly cache add   scope: null,
8 silly cache add   name: 'pinch-zoom-canvas',
8 silly cache add   rawSpec: '',
8 silly cache add   spec: 'latest',
8 silly cache add   type: 'tag' }
9 silly addNamed pinch-zoom-canvas@latest
10 verbose addNamed "latest" is being treated as a dist-tag for pinch-zoom-canvas
11 info addNameTag [ 'pinch-zoom-canvas', 'latest' ]
12 silly mapToRegistry name pinch-zoom-canvas
13 silly mapToRegistry using default registry
14 silly mapToRegistry registry https://registry.npmjs.org/
15 silly mapToRegistry data Result {
15 silly mapToRegistry   raw: 'pinch-zoom-canvas',
15 silly mapToRegistry   scope: null,
15 silly mapToRegistry   name: 'pinch-zoom-canvas',
15 silly mapToRegistry   rawSpec: '',
15 silly mapToRegistry   spec: 'latest',
15 silly mapToRegistry   type: 'tag' }
16 silly mapToRegistry uri https://registry.npmjs.org/pinch-zoom-canvas
17 verbose addNameTag registry:https://registry.npmjs.org/pinch-zoom-canvas not in flight; fetching
18 verbose request uri https://registry.npmjs.org/pinch-zoom-canvas
19 verbose request no auth needed
20 info attempt registry request try #1 at 1:19:47 PM
21 verbose request id 7805e548b2a4abfc
22 verbose etag W/"595a4818-177c"
23 verbose lastModified Mon, 03 Jul 2017 13:35:20 GMT
24 http request GET https://registry.npmjs.org/pinch-zoom-canvas
25 http 304 https://registry.npmjs.org/pinch-zoom-canvas
26 verbose headers { date: 'Tue, 18 Jul 2017 10:19:48 GMT',
26 verbose headers   via: '1.1 varnish',
26 verbose headers   'cache-control': 'max-age=300',
26 verbose headers   etag: 'W/"595a4818-177c"',
26 verbose headers   age: '30',
26 verbose headers   connection: 'keep-alive',
26 verbose headers   'x-served-by': 'cache-hhn1533-HHN',
26 verbose headers   'x-cache': 'HIT',
26 verbose headers   'x-cache-hits': '1',
26 verbose headers   'x-timer': 'S1500373188.252468,VS0,VE0',
26 verbose headers   vary: 'Accept-Encoding, Accept' }
27 silly get cb [ 304,
27 silly get   { date: 'Tue, 18 Jul 2017 10:19:48 GMT',
27 silly get     via: '1.1 varnish',
27 silly get     'cache-control': 'max-age=300',
27 silly get     etag: 'W/"595a4818-177c"',
27 silly get     age: '30',
27 silly get     connection: 'keep-alive',
27 silly get     'x-served-by': 'cache-hhn1533-HHN',
27 silly get     'x-cache': 'HIT',
27 silly get     'x-cache-hits': '1',
27 silly get     'x-timer': 'S1500373188.252468,VS0,VE0',
27 silly get     vary: 'Accept-Encoding, Accept' } ]
28 verbose etag https://registry.npmjs.org/pinch-zoom-canvas from cache
29 verbose get saving pinch-zoom-canvas to C:\Users\andradad\AppData\Roaming\npm-cache\registry.npmjs.org\pinch-zoom-canvas\.cache.json
30 verbose correctMkdir C:\Users\andradad\AppData\Roaming\npm-cache correctMkdir not in flight; initializing
31 silly addNameTag next cb for pinch-zoom-canvas with tag latest
32 silly addNamed pinch-zoom-canvas@1.0.2
33 verbose addNamed "1.0.2" is a plain semver version for pinch-zoom-canvas
34 silly cache afterAdd pinch-zoom-canvas@1.0.2
35 verbose afterAdd C:\Users\andradad\AppData\Roaming\npm-cache\pinch-zoom-canvas\1.0.2\package\package.json not in flight; writing
36 verbose correctMkdir C:\Users\andradad\AppData\Roaming\npm-cache correctMkdir not in flight; initializing
37 verbose afterAdd C:\Users\andradad\AppData\Roaming\npm-cache\pinch-zoom-canvas\1.0.2\package\package.json written
38 silly install resolved [ { name: 'pinch-zoom-canvas',
38 silly install resolved     version: '1.0.2',
38 silly install resolved     description: 'Pinch zoom to images based on canvas',
38 silly install resolved     main: 'pinch-zoom-canvas.js',
38 silly install resolved     scripts: { test: 'echo "Error: no test specified" && exit 1' },
38 silly install resolved     repository:
38 silly install resolved      { type: 'git',
38 silly install resolved        url: 'git+https://github.com/vash15/pinch-zoom-canvas.git' },
38 silly install resolved     keywords:
38 silly install resolved      [ 'pinch',
38 silly install resolved        'zoom',
38 silly install resolved        'canvas',
38 silly install resolved        'image',
38 silly install resolved        'html5',
38 silly install resolved        'js',
38 silly install resolved        'vanilla',
38 silly install resolved        'code' ],
38 silly install resolved     author: { name: 'Michele Belluco' },
38 silly install resolved     contributors: [ [Object] ],
38 silly install resolved     license: 'MIT',
38 silly install resolved     bugs: { url: 'https://github.com/vash15/pinch-zoom-canvas/issues' },
38 silly install resolved     homepage: 'https://github.com/vash15/pinch-zoom-canvas#readme',
38 silly install resolved     dependencies: { impetus: 'git+https://github.com/SonoIo/impetus.git#master' },
38 silly install resolved     gitHead: '68c5b3ee8950fc500c27f239e77229e5c28a439a',
38 silly install resolved     _id: 'pinch-zoom-canvas@1.0.2',
38 silly install resolved     _shasum: '783d66b5329c553a9b200e9bd74a26096276a022',
38 silly install resolved     _from: 'pinch-zoom-canvas@latest',
38 silly install resolved     _npmVersion: '4.2.0',
38 silly install resolved     _nodeVersion: '7.10.0',
38 silly install resolved     _npmUser: { name: 'vash15', email: 'bellucomichele@gmail.com' },
38 silly install resolved     dist:
38 silly install resolved      { shasum: '783d66b5329c553a9b200e9bd74a26096276a022',
38 silly install resolved        tarball: 'https://registry.npmjs.org/pinch-zoom-canvas/-/pinch-zoom-canvas-1.0.2.tgz' },
38 silly install resolved     maintainers: [ [Object] ],
38 silly install resolved     _npmOperationalInternal:
38 silly install resolved      { host: 's3://npm-registry-packages',
38 silly install resolved        tmp: 'tmp/pinch-zoom-canvas-1.0.2.tgz_1499088919167_0.2992763121146709' },
38 silly install resolved     directories: {},
38 silly install resolved     _resolved: 'https://registry.npmjs.org/pinch-zoom-canvas/-/pinch-zoom-canvas-1.0.2.tgz',
38 silly install resolved     readme: 'ERROR: No README data found!' } ]
39 info install pinch-zoom-canvas@1.0.2 into D:\proproject-ds
40 info installOne pinch-zoom-canvas@1.0.2
41 verbose installOne of pinch-zoom-canvas to D:\proproject-ds not in flight; installing
42 verbose correctMkdir C:\Users\andradad\AppData\Roaming\npm-cache\_locks correctMkdir not in flight; initializing
43 verbose lock using C:\Users\andradad\AppData\Roaming\npm-cache\_locks\pinch-zoom-canvas-8c62566a781c36c7.lock for D:\proproject-ds\node_modules\pinch-zoom-canvas
44 silly install write writing pinch-zoom-canvas 1.0.2 to D:\proproject-ds\node_modules\pinch-zoom-canvas
45 verbose unbuild node_modules\pinch-zoom-canvas
46 silly gentlyRm D:\proproject-ds\node_modules\pinch-zoom-canvas is being purged from base D:\proproject-ds
47 verbose gentlyRm don't care about contents; nuking D:\proproject-ds\node_modules\pinch-zoom-canvas
48 verbose tar unpack C:\Users\andradad\AppData\Roaming\npm-cache\pinch-zoom-canvas\1.0.2\package.tgz
49 verbose tar unpacking to D:\proproject-ds\node_modules\pinch-zoom-canvas
50 silly gentlyRm D:\proproject-ds\node_modules\pinch-zoom-canvas is being purged
51 verbose gentlyRm don't care about contents; nuking D:\proproject-ds\node_modules\pinch-zoom-canvas
52 silly gunzTarPerm modes [ '777', '666' ]
53 silly gunzTarPerm extractEntry package.json
54 silly gunzTarPerm modified mode [ 'package.json', 420, 438 ]
55 silly gunzTarPerm extractEntry .npmignore
56 silly gunzTarPerm modified mode [ '.npmignore', 420, 438 ]
57 silly gunzTarPerm extractEntry README.md
58 silly gunzTarPerm modified mode [ 'README.md', 420, 438 ]
59 silly gunzTarPerm extractEntry pinch-zoom-canvas.js
60 silly gunzTarPerm modified mode [ 'pinch-zoom-canvas.js', 420, 438 ]
61 silly gunzTarPerm extractEntry LICENCE.txt
62 silly gunzTarPerm modified mode [ 'LICENCE.txt', 420, 438 ]
63 silly gunzTarPerm extractEntry bower.json
64 silly gunzTarPerm modified mode [ 'bower.json', 420, 438 ]
65 verbose write writing to D:\proproject-ds\node_modules\pinch-zoom-canvas\package.json
66 info preinstall pinch-zoom-canvas@1.0.2
67 verbose readDependencies loading dependencies from D:\proproject-ds\node_modules\pinch-zoom-canvas\package.json
68 silly prepareForInstallMany adding impetus@git+https://github.com/SonoIo/impetus.git#master from pinch-zoom-canvas dependencies
69 verbose readDependencies loading dependencies from D:\proproject-ds\node_modules\pinch-zoom-canvas\package.json
70 silly cache add args [ 'impetus@git+https://github.com/SonoIo/impetus.git#master',
70 silly cache add   null ]
71 verbose cache add spec impetus@git+https://github.com/SonoIo/impetus.git#master
72 silly cache add parsed spec Result {
72 silly cache add   raw: 'impetus@git+https://github.com/SonoIo/impetus.git#master',
72 silly cache add   scope: null,
72 silly cache add   name: 'impetus',
72 silly cache add   rawSpec: 'git+https://github.com/SonoIo/impetus.git#master',
72 silly cache add   spec: 'git+https://github.com/SonoIo/impetus.git#master',
72 silly cache add   type: 'hosted',
72 silly cache add   hosted:
72 silly cache add    { type: 'github',
72 silly cache add      ssh: 'git@github.com:SonoIo/impetus.git#master',
72 silly cache add      sshUrl: 'git+ssh://git@github.com/SonoIo/impetus.git#master',
72 silly cache add      httpsUrl: 'git+https://github.com/SonoIo/impetus.git#master',
72 silly cache add      gitUrl: 'git://github.com/SonoIo/impetus.git#master',
72 silly cache add      shortcut: 'github:SonoIo/impetus#master',
72 silly cache add      directUrl: 'https://raw.githubusercontent.com/SonoIo/impetus/master/package.json' } }
73 verbose addRemoteGit caching git+https://github.com/SonoIo/impetus.git#master
74 verbose addRemoteGit git+https://github.com/SonoIo/impetus.git#master is a repository hosted by github
75 silly tryClone cloning git+https://github.com/SonoIo/impetus.git#master via git+https://github.com/SonoIo/impetus.git#master
76 verbose tryClone https-github-com-SonoIo-impetus-git-234dbe6f not in flight; caching
77 verbose correctMkdir C:\Users\andradad\AppData\Roaming\npm-cache\_git-remotes correctMkdir not in flight; initializing
78 verbose makeDirectory C:\Users\andradad\AppData\Roaming\npm-cache\_git-remotes creation not in flight; initializing
79 verbose makeCacheDir UID & GID are irrelevant on win32
80 error git clone --template=C:\Users\andradad\AppData\Roaming\npm-cache\_git-remotes\_templates --mirror https://github.com/SonoIo/impetus.git C:\Users\andradad\AppData\Roaming\npm-cache\_git-remotes\https-github-com-SonoIo-impetus-git-234dbe6f: undefined
80 error git clone --template=C:\Users\andradad\AppData\Roaming\npm-cache\_git-remotes\_templates --mirror https://github.com/SonoIo/impetus.git C:\Users\andradad\AppData\Roaming\npm-cache\_git-remotes\https-github-com-SonoIo-impetus-git-234dbe6f: undefined
81 verbose about to build D:\proproject-ds\node_modules\pinch-zoom-canvas
82 verbose unlock done using C:\Users\andradad\AppData\Roaming\npm-cache\_locks\pinch-zoom-canvas-8c62566a781c36c7.lock for D:\proproject-ds\node_modules\pinch-zoom-canvas
83 verbose stack Error: not found: git
83 verbose stack     at getNotFoundError (C:\Program Files\nodejs\node_modules\npm\node_modules\which\which.js:14:12)
83 verbose stack     at F (C:\Program Files\nodejs\node_modules\npm\node_modules\which\which.js:69:19)
83 verbose stack     at E (C:\Program Files\nodejs\node_modules\npm\node_modules\which\which.js:81:29)
83 verbose stack     at C:\Program Files\nodejs\node_modules\npm\node_modules\which\which.js:90:16
83 verbose stack     at C:\Program Files\nodejs\node_modules\npm\node_modules\which\node_modules\isexe\index.js:44:5
83 verbose stack     at C:\Program Files\nodejs\node_modules\npm\node_modules\which\node_modules\isexe\windows.js:29:5
83 verbose stack     at FSReqWrap.oncomplete (fs.js:82:15)
84 verbose cwd D:\proproject-ds
85 error Windows_NT 10.0.15063
86 error argv "C:\\Program Files\\nodejs\\node.exe" "C:\\Program Files\\nodejs\\node_modules\\npm\\bin\\npm-cli.js" "install" "--save" "pinch-zoom-canvas"
87 error node v4.5.0
88 error npm  v2.15.9
89 error code ENOGIT
90 error not found: git
91 error Failed using git.
91 error This is most likely not a problem with npm itself.
91 error Please check if you have git installed and in your PATH.
92 verbose exit [ 1, true ]
93 verbose unbuild node_modules\pinch-zoom-canvas
94 info preuninstall pinch-zoom-canvas@1.0.2
95 info uninstall pinch-zoom-canvas@1.0.2
96 verbose unbuild rmStuff pinch-zoom-canvas@1.0.2 from D:\proproject-ds\node_modules
97 info postuninstall pinch-zoom-canvas@1.0.2
98 silly gentlyRm D:\proproject-ds\node_modules\pinch-zoom-canvas is being purged from base D:\proproject-ds
99 verbose gentlyRm don't care about contents; nuking D:\proproject-ds\node_modules\pinch-zoom-canvas
100 silly vacuum-fs purging D:\proproject-ds\node_modules\pinch-zoom-canvas
101 silly vacuum-fs removing D:\proproject-ds\node_modules
102 silly vacuum-fs finished vacuuming up to D:\proproject-ds
